<?xml version="1.0" encoding="UTF-8"?>
<!-- Generated by org.testng.reporters.JUnitReportReporter -->
<testsuite skipped="0" hostname="willians_qa" name="testcases.TC_001" tests="1" failures="0" timestamp="11 nov 2017 23:16:49 GMT" time="13.717" errors="0">
  <testcase name="testcase1" time="13.717" classname="testcases.TC_001"/>
</testsuite> <!-- testcases.TC_001 -->
